<?xml version="1.0" encoding="UTF-8"?>
<testsuite name="tourGuide.TestPerformance" tests="2" skipped="2" failures="0" errors="0" timestamp="2023-03-23T19:19:24" hostname="DESKTOP-1E3B440" time="0.001">
  <properties/>
  <testcase name="highVolumeTrackLocation" classname="tourGuide.TestPerformance" time="0.0">
    <skipped/>
  </testcase>
  <testcase name="highVolumeGetRewards" classname="tourGuide.TestPerformance" time="0.0">
    <skipped/>
  </testcase>
  <system-out><![CDATA[]]></system-out>
  <system-err><![CDATA[]]></system-err>
</testsuite>
